Command line:
   profir_tb_isim_beh.exe
     -simmode  gui
     -simrunnum  0
     -socket  55749

Mon Dec 19 08:20:54 2022


 Elaboration Time: 0.03 sec

 Current Memory Usage: 204.284 Meg

 Total Signals          : 67
 Total Nets             : 534
 Total Signal Drivers   : 26
 Total Blocks           : 5
 Total Primitive Blocks : 3
 Total Processes        : 37
 Total Traceable Variables  : 79
 Total Scalar Nets and Variables : 32024097
Total Line Count : 165

 Total Simulation Time: 4.04 sec

 Current Memory Usage: 279.785 Meg

Mon Dec 19 08:27:49 2022

